2018-04-05, 20:06:03.510 [Debug  ] [dapplication.cpp     Dtk::Widget::DApplicationPrivate::loadTranslator 222] load translate "/usr/share/dtkwidget/translations/dtkwidget2_zh_CN"
2018-04-05, 20:06:03.512 [Debug  ] [dapplication.cpp     Dtk::Widget::DApplicationPrivate::loadTranslator 222] load translate "/app/share/dde-calendar/translations/dde-calendar_zh_CN"
2018-04-05, 20:06:03.561 [Debug  ] [calendarview.cpp     CalendarView::setCurrentDate        139] set current date  QDate("2018-04-05")
2018-04-05, 20:06:03.567 [Warning] [qlayout.cpp          QLayoutPrivate::checkWidget         860] QLayout: Cannot add parent widget QFrame/CalendarBackground to its child layout QVBoxLayout/
2018-04-05, 20:06:03.573 [Debug  ] [calendarview.cpp     CalendarView::setCurrentDate        139] set current date  QDate("2018-04-05")
2018-04-05, 20:06:03.574 [Debug  ] [dplatformintegration.cpp deepin_platform_plugin::DPlatformIntegration::createPlatformWindow 102] createPlatformWindow QWidgetWindow(0xbe7040, name="QMainWindowClassWindow") Qt::WindowType(Window) QWindow(0x0)
2018-04-05, 20:06:03.847 [Debug  ] [dplatformintegration.cpp deepin_platform_plugin::DPlatformIntegration::createPlatformBackingStore 162] createPlatformBackingStore deepin_platform_plugin::DFrameWindow(0xc54200) Qt::WindowType(Window) QWindow(0x0)
2018-04-05, 20:06:03.847 [Debug  ] [dplatformintegration.cpp deepin_platform_plugin::DPlatformIntegration::createPlatformWindow 102] createPlatformWindow deepin_platform_plugin::DFrameWindow(0xc54200) Qt::WindowType(Window) QWindow(0x0)
2018-04-05, 20:06:03.878 [Debug  ] [dplatformintegration.cpp deepin_platform_plugin::DPlatformIntegration::createPlatformBackingStore 162] createPlatformBackingStore QWidgetWindow(0xbe7040, name="QMainWindowClassWindow") Qt::WindowType(Window) QWindow(0x0)
2018-04-05, 20:06:06.023 [Warning] [qdbusintegrator.cpp  QDBusBlockingCallWatcher::~QDBusBlockingCallWatcher 2027] QDBusConnection: warning: blocking call took a long time (556 ms, max for this thread is 200 ms) to service "com.deepin.api.LunarCalendar" path "/com/deepin/api/LunarCalendar" interface "com.deepin.api.LunarCalendar" member "GetLunarMonthCalendar"
2018-04-06, 12:28:13.275 [Debug  ] [dapplication.cpp     Dtk::Widget::DApplicationPrivate::loadTranslator 222] load translate "/usr/share/dtkwidget/translations/dtkwidget2_zh_CN"
2018-04-06, 12:28:13.281 [Debug  ] [dapplication.cpp     Dtk::Widget::DApplicationPrivate::loadTranslator 222] load translate "/app/share/dde-calendar/translations/dde-calendar_zh_CN"
2018-04-06, 12:28:13.294 [Debug  ] [calendarview.cpp     CalendarView::setCurrentDate        139] set current date  QDate("2018-04-06")
2018-04-06, 12:28:13.299 [Warning] [qlayout.cpp          QLayoutPrivate::checkWidget         860] QLayout: Cannot add parent widget QFrame/CalendarBackground to its child layout QVBoxLayout/
2018-04-06, 12:28:13.304 [Debug  ] [calendarview.cpp     CalendarView::setCurrentDate        139] set current date  QDate("2018-04-06")
2018-04-06, 12:28:13.304 [Debug  ] [dplatformintegration.cpp deepin_platform_plugin::DPlatformIntegration::createPlatformWindow 102] createPlatformWindow QWidgetWindow(0x2702830, name="QMainWindowClassWindow") Qt::WindowType(Window) QWindow(0x0)
2018-04-06, 12:28:13.569 [Debug  ] [dplatformintegration.cpp deepin_platform_plugin::DPlatformIntegration::createPlatformBackingStore 162] createPlatformBackingStore deepin_platform_plugin::DFrameWindow(0x276f2e0) Qt::WindowType(Window) QWindow(0x0)
2018-04-06, 12:28:13.570 [Debug  ] [dplatformintegration.cpp deepin_platform_plugin::DPlatformIntegration::createPlatformWindow 102] createPlatformWindow deepin_platform_plugin::DFrameWindow(0x276f2e0) Qt::WindowType(Window) QWindow(0x0)
2018-04-06, 12:28:13.592 [Debug  ] [dplatformintegration.cpp deepin_platform_plugin::DPlatformIntegration::createPlatformBackingStore 162] createPlatformBackingStore QWidgetWindow(0x2702830, name="QMainWindowClassWindow") Qt::WindowType(Window) QWindow(0x0)
2018-04-07, 12:42:37.484 [Debug  ] [dapplication.cpp     Dtk::Widget::DApplicationPrivate::loadTranslator 222] load translate "/usr/share/dtkwidget/translations/dtkwidget2_zh_CN"
2018-04-07, 12:42:37.505 [Debug  ] [dapplication.cpp     Dtk::Widget::DApplicationPrivate::loadTranslator 222] load translate "/app/share/dde-calendar/translations/dde-calendar_zh_CN"
2018-04-07, 12:42:37.553 [Debug  ] [calendarview.cpp     CalendarView::setCurrentDate        139] set current date  QDate("2018-04-07")
2018-04-07, 12:42:37.557 [Warning] [qlayout.cpp          QLayoutPrivate::checkWidget         860] QLayout: Cannot add parent widget QFrame/CalendarBackground to its child layout QVBoxLayout/
2018-04-07, 12:42:37.561 [Debug  ] [calendarview.cpp     CalendarView::setCurrentDate        139] set current date  QDate("2018-04-07")
2018-04-07, 12:42:37.561 [Debug  ] [dplatformintegration.cpp deepin_platform_plugin::DPlatformIntegration::createPlatformWindow 102] createPlatformWindow QWidgetWindow(0x1f38a40, name="QMainWindowClassWindow") Qt::WindowType(Window) QWindow(0x0)
2018-04-07, 12:42:37.821 [Debug  ] [dplatformintegration.cpp deepin_platform_plugin::DPlatformIntegration::createPlatformBackingStore 162] createPlatformBackingStore deepin_platform_plugin::DFrameWindow(0x1fb3110) Qt::WindowType(Window) QWindow(0x0)
2018-04-07, 12:42:37.821 [Debug  ] [dplatformintegration.cpp deepin_platform_plugin::DPlatformIntegration::createPlatformWindow 102] createPlatformWindow deepin_platform_plugin::DFrameWindow(0x1fb3110) Qt::WindowType(Window) QWindow(0x0)
2018-04-07, 12:42:37.847 [Debug  ] [dplatformintegration.cpp deepin_platform_plugin::DPlatformIntegration::createPlatformBackingStore 162] createPlatformBackingStore QWidgetWindow(0x1f38a40, name="QMainWindowClassWindow") Qt::WindowType(Window) QWindow(0x0)
2018-04-07, 12:42:40.304 [Warning] [qdbusintegrator.cpp  QDBusBlockingCallWatcher::~QDBusBlockingCallWatcher 2027] QDBusConnection: warning: blocking call took a long time (300 ms, max for this thread is 200 ms) to service "com.deepin.api.LunarCalendar" path "/com/deepin/api/LunarCalendar" interface "com.deepin.api.LunarCalendar" member "GetLunarMonthCalendar"
2018-04-07, 13:16:47.140 [Debug  ] [dapplication.cpp     Dtk::Widget::DApplicationPrivate::loadTranslator 222] load translate "/usr/share/dtkwidget/translations/dtkwidget2_zh_CN"
2018-04-07, 13:16:47.160 [Debug  ] [dapplication.cpp     Dtk::Widget::DApplicationPrivate::loadTranslator 222] load translate "/app/share/dde-calendar/translations/dde-calendar_zh_CN"
2018-04-07, 13:16:47.199 [Debug  ] [calendarview.cpp     CalendarView::setCurrentDate        139] set current date  QDate("2018-04-07")
2018-04-07, 13:16:47.205 [Warning] [qlayout.cpp          QLayoutPrivate::checkWidget         860] QLayout: Cannot add parent widget QFrame/CalendarBackground to its child layout QVBoxLayout/
2018-04-07, 13:16:47.210 [Debug  ] [calendarview.cpp     CalendarView::setCurrentDate        139] set current date  QDate("2018-04-07")
2018-04-07, 13:16:47.210 [Debug  ] [dplatformintegration.cpp deepin_platform_plugin::DPlatformIntegration::createPlatformWindow 102] createPlatformWindow QWidgetWindow(0x22ebbe0, name="QMainWindowClassWindow") Qt::WindowType(Window) QWindow(0x0)
2018-04-07, 13:16:47.465 [Debug  ] [dplatformintegration.cpp deepin_platform_plugin::DPlatformIntegration::createPlatformBackingStore 162] createPlatformBackingStore deepin_platform_plugin::DFrameWindow(0x235f220) Qt::WindowType(Window) QWindow(0x0)
2018-04-07, 13:16:47.466 [Debug  ] [dplatformintegration.cpp deepin_platform_plugin::DPlatformIntegration::createPlatformWindow 102] createPlatformWindow deepin_platform_plugin::DFrameWindow(0x235f220) Qt::WindowType(Window) QWindow(0x0)
2018-04-07, 13:16:47.489 [Debug  ] [dplatformintegration.cpp deepin_platform_plugin::DPlatformIntegration::createPlatformBackingStore 162] createPlatformBackingStore QWidgetWindow(0x22ebbe0, name="QMainWindowClassWindow") Qt::WindowType(Window) QWindow(0x0)
2018-04-07, 13:16:49.246 [Warning] [qdbusintegrator.cpp  QDBusBlockingCallWatcher::~QDBusBlockingCallWatcher 2027] QDBusConnection: warning: blocking call took a long time (492 ms, max for this thread is 200 ms) to service "com.deepin.api.LunarCalendar" path "/com/deepin/api/LunarCalendar" interface "com.deepin.api.LunarCalendar" member "GetLunarMonthCalendar"
